<?xml version="1.0" encoding="UTF-8"?>
<!-- Generated by org.testng.reporters.JUnitReportReporter -->
<testsuite hostname="BANL11b18a2d9.local" name="com.intuit.sample.project.PermutationTest" tests="5" failures="0" timestamp="30 Jul 2015 10:12:02 GMT" time="0.017" errors="0">
  <testcase name="testStringPermutationsNullStringNegative" time="0.001" classname="com.intuit.sample.project.PermutationTest"/>
  <testcase name="testStringPermutationsSampleStringOfLenghtOnePositive" time="0.001" classname="com.intuit.sample.project.PermutationTest"/>
  <testcase name="testStringPermutationsSampleStringAllRepeatedCharsPositive" time="0.000" classname="com.intuit.sample.project.PermutationTest"/>
  <testcase name="testStringPermutationsEmptyStringPositive" time="0.014" classname="com.intuit.sample.project.PermutationTest"/>
  <testcase name="testStringPermutationsSampleStringPositive" time="0.001" classname="com.intuit.sample.project.PermutationTest"/>
</testsuite> <!-- com.intuit.sample.project.PermutationTest -->
